<?xml version="1.0" encoding="UTF-8"?>
<!-- Generated by org.testng.reporters.JUnitReportReporter -->
<testsuite hostname="FISW42SLPC3879" failures="0" tests="1" name="com.rest.AutomatePut" time="3.861" errors="0" timestamp="2022-03-29T10:41:42 IST" skipped="0">
  <testcase classname="com.rest.AutomatePut" name="validate_put_request_bdd_style" time="3.861"/>
  <system-out/>
</testsuite> <!-- com.rest.AutomatePut -->
