<?xml version="1.0" encoding="UTF-8"?>
<!-- Generated by org.testng.reporters.JUnitReportReporter -->
<testsuite hostname="FISW42SLPC3879" failures="0" tests="1" name="com.rest.Logging2" time="3.753" errors="0" timestamp="2022-03-29T09:10:17 IST" skipped="0">
  <testcase classname="com.rest.Logging2" name="request_response_logging" time="3.753"/>
  <system-out/>
</testsuite> <!-- com.rest.Logging2 -->
