<?xml version="1.0" encoding="UTF-8"?>
<!-- Generated by org.testng.reporters.JUnitReportReporter -->
<testsuite hostname="FISW42SLPC3879" failures="0" tests="1" name="com.rest.UploadFile" time="3.640" errors="0" timestamp="2022-03-30T16:29:19 IST" skipped="0">
  <testcase classname="com.rest.UploadFile" name="upload_file_multipart_form_data" time="3.640"/>
  <system-out/>
</testsuite> <!-- com.rest.UploadFile -->
