<?xml version="1.0" encoding="UTF-8"?>
<!-- Generated by org.testng.reporters.JUnitReportReporter -->
<testsuite hostname="FISW42SLPC3879" failures="0" tests="1" name="com.rest.Logging3" time="3.441" errors="0" timestamp="2022-03-29T09:12:37 IST" skipped="0">
  <testcase classname="com.rest.Logging3" name="log_only_if_error" time="3.441"/>
  <system-out/>
</testsuite> <!-- com.rest.Logging3 -->
