<?xml version="1.0" encoding="UTF-8"?>
<!-- Generated by org.testng.reporters.JUnitReportReporter -->
<testsuite hostname="FISW42SLPC3879" failures="0" tests="2" name="com.rest.MatcherTest" time="6.189" errors="0" timestamp="2022-03-29T09:18:50 IST" skipped="0">
  <testcase classname="com.rest.MatcherTest" name="validate_response_body_hamcrest_learnings_matcher" time="4.329"/>
  <system-out/>
  <testcase classname="com.rest.MatcherTest" name="validate_response_body_matcher" time="1.860"/>
  <system-out/>
</testsuite> <!-- com.rest.MatcherTest -->
