<?xml version="1.0" encoding="UTF-8"?>
<!-- Generated by org.testng.reporters.JUnitReportReporter -->
<testsuite hostname="FISW42SLPC3879" failures="0" tests="1" name="com.rest.AutomateHeaders2" time="3.722" errors="0" timestamp="2022-03-29T10:20:06 IST" skipped="0">
  <testcase classname="com.rest.AutomateHeaders2" name="multiple_headers" time="3.722"/>
  <system-out/>
</testsuite> <!-- com.rest.AutomateHeaders2 -->
