<?xml version="1.0" encoding="UTF-8"?>
<!-- Generated by org.testng.reporters.JUnitReportReporter -->
<testsuite hostname="FISW42SLPC3879" failures="0" tests="1" name="com.rest.Filters" time="3.591" errors="0" timestamp="2022-03-25T15:23:19 IST" skipped="0">
  <testcase classname="com.rest.Filters" name="loggingFilter" time="3.591"/>
  <system-out/>
</testsuite> <!-- com.rest.Filters -->
