<?xml version="1.0" encoding="UTF-8"?>
<!-- Generated by org.testng.reporters.JUnitReportReporter -->
<testsuite hostname="FISW42SLPC3879" failures="0" tests="1" name="com.rest.WorkspacePojoTest" time="3.193" errors="0" timestamp="2022-03-30T16:46:07 IST" skipped="0">
  <testcase classname="com.rest.WorkspacePojoTest" name="workspace_serialize_deserialize" time="3.193"/>
  <system-out/>
</testsuite> <!-- com.rest.WorkspacePojoTest -->
