<?xml version="1.0" encoding="UTF-8"?>
<!-- Generated by org.testng.reporters.JUnitReportReporter -->
<testsuite hostname="FISW42SLPC3879" failures="0" tests="1" name="com.rest.AutomatePost2" time="4.173" errors="0" timestamp="2022-03-29T10:30:39 IST" skipped="0">
  <testcase classname="com.rest.AutomatePost2" name="validate_post_request_bdd_style" time="4.173"/>
  <system-out/>
</testsuite> <!-- com.rest.AutomatePost2 -->
