<?xml version="1.0" encoding="UTF-8"?>
<!-- Generated by org.testng.reporters.JUnitReportReporter -->
<testsuite hostname="FISW42SLPC3879" failures="0" tests="1" name="com.rest.RequestParameters2" time="4.131" errors="0" timestamp="2022-03-29T11:16:36 IST" skipped="0">
  <testcase classname="com.rest.RequestParameters2" name="single_query_parameter" time="4.131"/>
  <system-out/>
</testsuite> <!-- com.rest.RequestParameters2 -->
