<?xml version="1.0" encoding="UTF-8"?>
<!-- Generated by org.testng.reporters.JUnitReportReporter -->
<testsuite hostname="FISW42SLPC3879" failures="0" tests="1" name="com.rest.RequestParameters5" time="1.904" errors="0" timestamp="2022-03-29T11:23:43 IST" skipped="0">
  <testcase classname="com.rest.RequestParameters5" name="path_parameter" time="1.904"/>
  <system-out/>
</testsuite> <!-- com.rest.RequestParameters5 -->
