<?xml version="1.0" encoding="UTF-8"?>
<!-- Generated by org.testng.reporters.JUnitReportReporter -->
<testsuite hostname="FISW42SLPC3879" failures="0" tests="1" name="com.rest.JsonSchemaValidation" time="3.750" errors="0" timestamp="2022-03-29T10:59:00 IST" skipped="0">
  <testcase classname="com.rest.JsonSchemaValidation" name="validateJsonSchema" time="3.750"/>
  <system-out/>
</testsuite> <!-- com.rest.JsonSchemaValidation -->
