<?xml version="1.0" encoding="UTF-8"?>
<!-- Generated by org.testng.reporters.JUnitReportReporter -->
<testsuite hostname="FISW42SLPC3879" failures="0" tests="1" name="com.rest.AutomateHeaders3" time="3.190" errors="0" timestamp="2022-03-29T10:27:36 IST" skipped="0">
  <testcase classname="com.rest.AutomateHeaders3" name="extract_multivalue_response_header" time="3.190"/>
  <system-out/>
</testsuite> <!-- com.rest.AutomateHeaders3 -->
