<?xml version="1.0" encoding="UTF-8"?>
<!-- Generated by org.testng.reporters.JUnitReportReporter -->
<testsuite hostname="FISW42SLPC3879" failures="0" tests="1" name="com.rest.AutomateGet7" time="4.264" errors="0" timestamp="2022-03-29T10:07:03 IST" skipped="0">
  <testcase classname="com.rest.AutomateGet7" name="hamcrest_assert_on_extracted_response" time="4.264"/>
  <system-out/>
</testsuite> <!-- com.rest.AutomateGet7 -->
