<?xml version="1.0" encoding="UTF-8"?>
<!-- Generated by org.testng.reporters.JUnitReportReporter -->
<testsuite hostname="FISW42SLPC3879" failures="0" tests="1" name="com.rest.DownloadFile" time="44.841" errors="0" timestamp="2022-03-29T10:49:57 IST" skipped="0">
  <testcase classname="com.rest.DownloadFile" name="download_file" time="44.841"/>
  <system-out/>
</testsuite> <!-- com.rest.DownloadFile -->
