<?xml version="1.0" encoding="UTF-8"?>
<!-- Generated by org.testng.reporters.JUnitReportReporter -->
<testsuite hostname="FISW42SLPC3879" failures="0" tests="1" name="com.rest.TestRest" time="0.638" errors="0" timestamp="2022-03-29T11:28:31 IST" skipped="0">
  <testcase classname="com.rest.TestRest" name="test" time="0.638"/>
  <system-out/>
</testsuite> <!-- com.rest.TestRest -->
