<?xml version="1.0" encoding="UTF-8"?>
<!-- Generated by org.testng.reporters.JUnitReportReporter -->
<testsuite hostname="FISW42SLPC3879" failures="0" tests="1" name="com.rest.AutomatePost4" time="3.615" errors="0" timestamp="2022-03-30T15:43:16 IST" skipped="0">
  <testcase classname="com.rest.AutomatePost4" name="validate_post_request_payload_as_map" time="3.615"/>
  <system-out/>
</testsuite> <!-- com.rest.AutomatePost4 -->
